<?xml version="1.0" encoding="UTF-8"?>
<!-- Generated by org.testng.reporters.JUnitReportReporter -->
<testsuite hostname="Kandpal_Pc" failures="0" tests="3" name="onlinbanking.practiceTestNg.execution.Main" time="-1712850944.000" errors="1" timestamp="2024-04-11T21:25:35 IST" skipped="2">
  <testcase classname="onlinbanking.practiceTestNg.execution.Main" name="applyForDebitCardThenRegisterForInternewBanking" time="0.000">
    <skipped/>
  </testcase> <!-- applyForDebitCardThenRegisterForInternewBanking -->
  <system-out/>
  <testcase classname="onlinbanking.practiceTestNg.execution.Main" name="createTheAccountAndApproveItByStaff" time="0.000">
    <skipped/>
  </testcase> <!-- createTheAccountAndApproveItByStaff -->
  <system-out/>
  <testcase classname="onlinbanking.practiceTestNg.execution.Main" name="launchTheBrowser" time="-1712850944.000">
    <error message="
Parameter &#039;browser&#039; is required by BeforeClass on method launchTheBrowser but has not been marked @Optional or defined
in C:\Users\kandp\OneDrive\Desktop\Manual_QA\Selenium\CoinFirstBankingScripts\coinFirst.xml" type="org.testng.TestNGException">
      <![CDATA[org.testng.TestNGException: 
Parameter 'browser' is required by BeforeClass on method launchTheBrowser but has not been marked @Optional or defined
in C:\Users\kandp\OneDrive\Desktop\Manual_QA\Selenium\CoinFirstBankingScripts\coinFirst.xml
at org.testng.internal.Parameters.createParams(Parameters.java:267)
at org.testng.internal.Parameters.createParametersForMethod(Parameters.java:355)
at org.testng.internal.Parameters.createParameters(Parameters.java:684)
at org.testng.internal.Parameters.createConfigurationParameters(Parameters.java:166)
at org.testng.internal.invokers.ConfigInvoker.invokeConfigurations(ConfigInvoker.java:277)
at org.testng.internal.invokers.TestMethodWorker.invokeBeforeClassMethods(TestMethodWorker.java:180)
at org.testng.internal.invokers.TestMethodWorker.run(TestMethodWorker.java:122)
at java.base/java.util.concurrent.ThreadPoolExecutor.runWorker(ThreadPoolExecutor.java:1136)
at java.base/java.util.concurrent.ThreadPoolExecutor$Worker.run(ThreadPoolExecutor.java:635)
at java.base/java.lang.Thread.run(Thread.java:833)
]]>
    </error>
  </testcase> <!-- launchTheBrowser -->
  <system-out/>
</testsuite> <!-- onlinbanking.practiceTestNg.execution.Main -->
